<?xml version="1.0" encoding="UTF-8"?>
<testsuite xmlns:xsi="http://www.w3.org/2001/XMLSchema-instance" xsi:noNamespaceSchemaLocation="https://maven.apache.org/surefire/maven-surefire-plugin/xsd/surefire-test-report-3.0.xsd" version="3.0" name="com.logparser.AppLogAggregatorTest" time="0.004" tests="4" errors="0" skipped="0" failures="0">
  <properties>
    <property name="java.specification.version" value="21"/>
    <property name="sun.jnu.encoding" value="UTF-8"/>
    <property name="java.class.path" value="/Users/priyankamutha/Desktop/Masters/logparser/target/test-classes:/Users/priyankamutha/Desktop/Masters/logparser/target/classes:/Users/priyankamutha/.m2/repository/com/fasterxml/jackson/core/jackson-databind/2.15.2/jackson-databind-2.15.2.jar:/Users/priyankamutha/.m2/repository/com/fasterxml/jackson/core/jackson-annotations/2.15.2/jackson-annotations-2.15.2.jar:/Users/priyankamutha/.m2/repository/com/fasterxml/jackson/core/jackson-core/2.15.2/jackson-core-2.15.2.jar:/Users/priyankamutha/.m2/repository/junit/junit/4.12/junit-4.12.jar:/Users/priyankamutha/.m2/repository/org/hamcrest/hamcrest-core/1.3/hamcrest-core-1.3.jar:/Users/priyankamutha/.m2/repository/org/junit/jupiter/junit-jupiter/5.13.0-M3/junit-jupiter-5.13.0-M3.jar:/Users/priyankamutha/.m2/repository/org/junit/jupiter/junit-jupiter-api/5.13.0-M3/junit-jupiter-api-5.13.0-M3.jar:/Users/priyankamutha/.m2/repository/org/opentest4j/opentest4j/1.3.0/opentest4j-1.3.0.jar:/Users/priyankamutha/.m2/repository/org/junit/platform/junit-platform-commons/1.13.0-M3/junit-platform-commons-1.13.0-M3.jar:/Users/priyankamutha/.m2/repository/org/apiguardian/apiguardian-api/1.1.2/apiguardian-api-1.1.2.jar:/Users/priyankamutha/.m2/repository/org/junit/jupiter/junit-jupiter-params/5.13.0-M3/junit-jupiter-params-5.13.0-M3.jar:/Users/priyankamutha/.m2/repository/org/junit/jupiter/junit-jupiter-engine/5.13.0-M3/junit-jupiter-engine-5.13.0-M3.jar:/Users/priyankamutha/.m2/repository/org/junit/platform/junit-platform-engine/1.13.0-M3/junit-platform-engine-1.13.0-M3.jar:/Users/priyankamutha/.m2/repository/org/json/json/20230227/json-20230227.jar:"/>
    <property name="java.vm.vendor" value="Eclipse Adoptium"/>
    <property name="sun.arch.data.model" value="64"/>
    <property name="java.vendor.url" value="https://adoptium.net/"/>
    <property name="os.name" value="Mac OS X"/>
    <property name="java.vm.specification.version" value="21"/>
    <property name="sun.java.launcher" value="SUN_STANDARD"/>
    <property name="user.country" value="US"/>
    <property name="sun.boot.library.path" value="/Library/Java/JavaVirtualMachines/temurin-21.jdk/Contents/Home/lib"/>
    <property name="sun.java.command" value="/Users/priyankamutha/Desktop/Masters/logparser/target/surefire/surefirebooter-20250514120205721_3.jar /Users/priyankamutha/Desktop/Masters/logparser/target/surefire 2025-05-14T12-02-05_681-jvmRun1 surefire-20250514120205721_1tmp surefire_0-20250514120205721_2tmp"/>
    <property name="http.nonProxyHosts" value="local|*.local|169.254/16|*.169.254/16"/>
    <property name="jdk.debug" value="release"/>
    <property name="surefire.test.class.path" value="/Users/priyankamutha/Desktop/Masters/logparser/target/test-classes:/Users/priyankamutha/Desktop/Masters/logparser/target/classes:/Users/priyankamutha/.m2/repository/com/fasterxml/jackson/core/jackson-databind/2.15.2/jackson-databind-2.15.2.jar:/Users/priyankamutha/.m2/repository/com/fasterxml/jackson/core/jackson-annotations/2.15.2/jackson-annotations-2.15.2.jar:/Users/priyankamutha/.m2/repository/com/fasterxml/jackson/core/jackson-core/2.15.2/jackson-core-2.15.2.jar:/Users/priyankamutha/.m2/repository/junit/junit/4.12/junit-4.12.jar:/Users/priyankamutha/.m2/repository/org/hamcrest/hamcrest-core/1.3/hamcrest-core-1.3.jar:/Users/priyankamutha/.m2/repository/org/junit/jupiter/junit-jupiter/5.13.0-M3/junit-jupiter-5.13.0-M3.jar:/Users/priyankamutha/.m2/repository/org/junit/jupiter/junit-jupiter-api/5.13.0-M3/junit-jupiter-api-5.13.0-M3.jar:/Users/priyankamutha/.m2/repository/org/opentest4j/opentest4j/1.3.0/opentest4j-1.3.0.jar:/Users/priyankamutha/.m2/repository/org/junit/platform/junit-platform-commons/1.13.0-M3/junit-platform-commons-1.13.0-M3.jar:/Users/priyankamutha/.m2/repository/org/apiguardian/apiguardian-api/1.1.2/apiguardian-api-1.1.2.jar:/Users/priyankamutha/.m2/repository/org/junit/jupiter/junit-jupiter-params/5.13.0-M3/junit-jupiter-params-5.13.0-M3.jar:/Users/priyankamutha/.m2/repository/org/junit/jupiter/junit-jupiter-engine/5.13.0-M3/junit-jupiter-engine-5.13.0-M3.jar:/Users/priyankamutha/.m2/repository/org/junit/platform/junit-platform-engine/1.13.0-M3/junit-platform-engine-1.13.0-M3.jar:/Users/priyankamutha/.m2/repository/org/json/json/20230227/json-20230227.jar:"/>
    <property name="sun.cpu.endian" value="little"/>
    <property name="user.home" value="/Users/priyankamutha"/>
    <property name="user.language" value="en"/>
    <property name="java.specification.vendor" value="Oracle Corporation"/>
    <property name="java.version.date" value="2024-07-16"/>
    <property name="java.home" value="/Library/Java/JavaVirtualMachines/temurin-21.jdk/Contents/Home"/>
    <property name="file.separator" value="/"/>
    <property name="basedir" value="/Users/priyankamutha/Desktop/Masters/logparser"/>
    <property name="java.vm.compressedOopsMode" value="Zero based"/>
    <property name="line.separator" value="&#10;"/>
    <property name="java.vm.specification.vendor" value="Oracle Corporation"/>
    <property name="java.specification.name" value="Java Platform API Specification"/>
    <property name="apple.awt.application.name" value="ForkedBooter"/>
    <property name="surefire.real.class.path" value="/Users/priyankamutha/Desktop/Masters/logparser/target/surefire/surefirebooter-20250514120205721_3.jar"/>
    <property name="sun.management.compiler" value="HotSpot 64-Bit Tiered Compilers"/>
    <property name="ftp.nonProxyHosts" value="local|*.local|169.254/16|*.169.254/16"/>
    <property name="java.runtime.version" value="21.0.4+7-LTS"/>
    <property name="user.name" value="priyankamutha"/>
    <property name="stdout.encoding" value="UTF-8"/>
    <property name="path.separator" value=":"/>
    <property name="os.version" value="15.4"/>
    <property name="java.runtime.name" value="OpenJDK Runtime Environment"/>
    <property name="file.encoding" value="UTF-8"/>
    <property name="java.vm.name" value="OpenJDK 64-Bit Server VM"/>
    <property name="java.vendor.version" value="Temurin-21.0.4+7"/>
    <property name="localRepository" value="/Users/priyankamutha/.m2/repository"/>
    <property name="java.vendor.url.bug" value="https://github.com/adoptium/adoptium-support/issues"/>
    <property name="java.io.tmpdir" value="/var/folders/3k/dryf83w53hg7tpz2_jmjbdmw0000gn/T/"/>
    <property name="java.version" value="21.0.4"/>
    <property name="user.dir" value="/Users/priyankamutha/Desktop/Masters/logparser"/>
    <property name="os.arch" value="aarch64"/>
    <property name="java.vm.specification.name" value="Java Virtual Machine Specification"/>
    <property name="native.encoding" value="UTF-8"/>
    <property name="java.library.path" value="/Users/priyankamutha/Library/Java/Extensions:/Library/Java/Extensions:/Network/Library/Java/Extensions:/System/Library/Java/Extensions:/usr/lib/java:."/>
    <property name="java.vm.info" value="mixed mode"/>
    <property name="stderr.encoding" value="UTF-8"/>
    <property name="java.vendor" value="Eclipse Adoptium"/>
    <property name="java.vm.version" value="21.0.4+7-LTS"/>
    <property name="sun.io.unicode.encoding" value="UnicodeBig"/>
    <property name="socksNonProxyHosts" value="local|*.local|169.254/16|*.169.254/16"/>
    <property name="java.class.version" value="65.0"/>
  </properties>
  <testcase name="process_invalidFormat_ignoresLine" classname="com.logparser.AppLogAggregatorTest" time="0.001"/>
  <testcase name="process_multipleLogs_accumulatesEachLevel" classname="com.logparser.AppLogAggregatorTest" time="0.0"/>
  <testcase name="process_singleErrorLog_updatesCountCorrectly" classname="com.logparser.AppLogAggregatorTest" time="0.0"/>
  <testcase name="process_nullInput_doesNotCrash" classname="com.logparser.AppLogAggregatorTest" time="0.001"/>
</testsuite>